Using pre-set license
Built from '2020.3/staging' branch; Version is '2020.3.18f1 (a7d1c678663c) revision 10998214'; Using compiler version '192528614'; Build Type 'Release'
OS: 'Windows 10 Home; OS build 19044.1415; Version 2009; 64bit' Language: 'en' Physical Memory: 16334 MB
BatchMode: 1, IsHumanControllingUs: 0, StartBugReporterOnCrash: 0, Is64bit: 1, IsPro: 0

COMMAND LINE ARGUMENTS:
O:\Programs Files\Unity\Hub\2020.3.18f1\Editor\Unity.exe
-adb2
-batchMode
-noUpm
-name
AssetImportWorker0
-projectPath
O:/Dev/Unity Projects/GlobalGameJam2022
-logFile
Logs/AssetImportWorker0.log
-srvPort
64524
Successfully changed project path to: O:/Dev/Unity Projects/GlobalGameJam2022
O:/Dev/Unity Projects/GlobalGameJam2022
Using Asset Import Pipeline V2.
Refreshing native plugins compatible for Editor in 87.56 ms, found 2 plugins.
Preloading 0 native plugins for Editor in 0.00 ms.
Initialize engine version: 2020.3.18f1 (a7d1c678663c)
[Subsystems] Discovering subsystems at path O:/Programs Files/Unity/Hub/2020.3.18f1/Editor/Data/Resources/UnitySubsystems
[Subsystems] Discovering subsystems at path O:/Dev/Unity Projects/GlobalGameJam2022/Assets
GfxDevice: creating device client; threaded=0
Direct3D:
    Version:  Direct3D 11.0 [level 11.1]
    Renderer: NVIDIA GeForce GTX 1070 (ID=0x1b81)
    Vendor:   
    VRAM:     8088 MB
    Driver:   30.0.15.1123
Initialize mono
Mono path[0] = 'O:/Programs Files/Unity/Hub/2020.3.18f1/Editor/Data/Managed'
Mono path[1] = 'O:/Programs Files/Unity/Hub/2020.3.18f1/Editor/Data/MonoBleedingEdge/lib/mono/unityjit'
Mono config path = 'O:/Programs Files/Unity/Hub/2020.3.18f1/Editor/Data/MonoBleedingEdge/etc'
Using monoOptions --debugger-agent=transport=dt_socket,embedding=1,server=y,suspend=n,address=127.0.0.1:56740
Begin MonoManager ReloadAssembly
Registering precompiled unity dll's ...
Register platform support module: O:/Programs Files/Unity/Hub/2020.3.18f1/Editor/Data/PlaybackEngines/WindowsStandaloneSupport/UnityEditor.WindowsStandalone.Extensions.dll
Registered in 0.001669 seconds.
Native extension for WindowsStandalone target not found
Refreshing native plugins compatible for Editor in 66.29 ms, found 2 plugins.
Preloading 0 native plugins for Editor in 0.00 ms.
Mono: successfully reloaded assembly
- Completed reload, in  0.957 seconds
Domain Reload Profiling:
	ReloadAssembly (957ms)
		BeginReloadAssembly (56ms)
			ExecutionOrderSort (0ms)
			DisableScriptedObjects (0ms)
			BackupInstance (0ms)
			ReleaseScriptingObjects (0ms)
			CreateAndSetChildDomain (1ms)
		EndReloadAssembly (463ms)
			LoadAssemblies (55ms)
			RebuildTransferFunctionScriptingTraits (0ms)
			SetupTypeCache (163ms)
			ReleaseScriptCaches (0ms)
			RebuildScriptCaches (32ms)
			SetupLoadedEditorAssemblies (200ms)
				LogAssemblyErrors (0ms)
				InitializePlatformSupportModulesInManaged (3ms)
				SetLoadedEditorAssemblies (0ms)
				RefreshPlugins (66ms)
				BeforeProcessingInitializeOnLoad (12ms)
				ProcessInitializeOnLoadAttributes (88ms)
				ProcessInitializeOnLoadMethodAttributes (30ms)
				AfterProcessingInitializeOnLoad (0ms)
				EditorAssembliesLoaded (0ms)
			ExecutionOrderSort2 (0ms)
			AwakeInstancesAfterBackupRestoration (0ms)
Platform modules already initialized, skipping
Registering precompiled user dll's ...
Registered in 0.005611 seconds.
Begin MonoManager ReloadAssembly
Native extension for WindowsStandalone target not found
Refreshing native plugins compatible for Editor in 71.86 ms, found 2 plugins.
Preloading 0 native plugins for Editor in 0.00 ms.
Mono: successfully reloaded assembly
- Completed reload, in  1.866 seconds
Domain Reload Profiling:
	ReloadAssembly (1867ms)
		BeginReloadAssembly (160ms)
			ExecutionOrderSort (0ms)
			DisableScriptedObjects (5ms)
			BackupInstance (0ms)
			ReleaseScriptingObjects (0ms)
			CreateAndSetChildDomain (18ms)
		EndReloadAssembly (1643ms)
			LoadAssemblies (106ms)
			RebuildTransferFunctionScriptingTraits (0ms)
			SetupTypeCache (360ms)
			ReleaseScriptCaches (1ms)
			RebuildScriptCaches (62ms)
			SetupLoadedEditorAssemblies (1007ms)
				LogAssemblyErrors (0ms)
				InitializePlatformSupportModulesInManaged (4ms)
				SetLoadedEditorAssemblies (0ms)
				RefreshPlugins (72ms)
				BeforeProcessingInitializeOnLoad (87ms)
				ProcessInitializeOnLoadAttributes (792ms)
				ProcessInitializeOnLoadMethodAttributes (49ms)
				AfterProcessingInitializeOnLoad (2ms)
				EditorAssembliesLoaded (0ms)
			ExecutionOrderSort2 (0ms)
			AwakeInstancesAfterBackupRestoration (6ms)
Platform modules already initialized, skipping
========================================================================
Worker process is ready to serve import requests
Launched and connected shader compiler UnityShaderCompiler.exe after 0.07 seconds
Refreshing native plugins compatible for Editor in 0.67 ms, found 2 plugins.
Preloading 0 native plugins for Editor in 0.00 ms.
Unloading 3606 Unused Serialized files (Serialized files now loaded: 0)
System memory in use before: 168.0 MB.
System memory in use after: 168.3 MB.

Unloading 29 unused Assets to reduce memory usage. Loaded Objects now: 4105.
Total: 23.566000 ms (FindLiveObjects: 0.317300 ms CreateObjectMapping: 0.177400 ms MarkObjects: 22.966400 ms  DeleteObjects: 0.103400 ms)

AssetImportParameters requested are different than current active one (requested -> active):
  custom:framework-win-MediaFoundation: 216162199b28c13a410421893ffa2e32 -> 
  custom:video-decoder-ogg-theora: a1e56fd34408186e4bbccfd4996cb3dc -> 
  custom:container-muxer-webm: aa71ff27fc2769a1b78a27578f13a17b -> 
  custom:container-demuxer-webm: 4f35f7cbe854078d1ac9338744f61a02 -> 
  custom:container-demuxer-ogg: 62fdf1f143b41e24485cea50d1cbac27 -> 
  custom:video-encoder-webm-vp8: eb34c28f22e8b96e1ab97ce403110664 -> 
  custom:video-decoder-webm-vp8: 9c59270c3fd7afecdb556c50c9e8de78 -> 
  custom:audio-decoder-ogg-vorbis: bf7c407c2cedff20999df2af8eb42d56 -> 
  custom:audio-encoder-webm-vorbis: bf7c407c2cedff20999df2af8eb42d56 -> 
========================================================================
Received Import Request.
  path: Assets/Reused Code/Shoot/Sample/Weapon Data 1.asset
  artifactKey: Guid(71008e9d909e3f444ab58d22097d4b50) Importer(815301076,1909f56bfc062723c751e8b465ee728b)
Start importing Assets/Reused Code/Shoot/Sample/Weapon Data 1.asset using Guid(71008e9d909e3f444ab58d22097d4b50) Importer(815301076,1909f56bfc062723c751e8b465ee728b)  -> (artifact id: 'c0cc88eebb1101f34adde4c5057bc83c') in 0.052722 seconds 
  Import took 0.059272 seconds .

========================================================================
Received Import Request.
  Time since last request: 0.000294 seconds.
  path: Assets/Reused Code/Shoot/Sample/Projectile_Orb.prefab
  artifactKey: Guid(54d371e63a7681b4788baa4933d2a213) Importer(815301076,1909f56bfc062723c751e8b465ee728b)
Start importing Assets/Reused Code/Shoot/Sample/Projectile_Orb.prefab using Guid(54d371e63a7681b4788baa4933d2a213) Importer(815301076,1909f56bfc062723c751e8b465ee728b)  -> (artifact id: '941ca8badadab341597cc66aa76f4cfd') in 0.190966 seconds 
  Import took 0.197202 seconds .

========================================================================
Received Import Request.
  Time since last request: 37.446398 seconds.
  path: Assets/Reused Code/Shoot/Sample/Weapon Data 1.asset
  artifactKey: Guid(71008e9d909e3f444ab58d22097d4b50) Importer(815301076,1909f56bfc062723c751e8b465ee728b)
Start importing Assets/Reused Code/Shoot/Sample/Weapon Data 1.asset using Guid(71008e9d909e3f444ab58d22097d4b50) Importer(815301076,1909f56bfc062723c751e8b465ee728b)  -> (artifact id: 'a361344f5a740b44acb879558fef159f') in 0.006475 seconds 
  Import took 0.013441 seconds .

========================================================================
Received Import Request.
  Time since last request: 0.011974 seconds.
  path: Assets/Reused Code/Shoot/Sample/Weapon Data 1.asset
  artifactKey: Guid(71008e9d909e3f444ab58d22097d4b50) Importer(815301076,1909f56bfc062723c751e8b465ee728b)
Start importing Assets/Reused Code/Shoot/Sample/Weapon Data 1.asset using Guid(71008e9d909e3f444ab58d22097d4b50) Importer(815301076,1909f56bfc062723c751e8b465ee728b)  -> (artifact id: 'a361344f5a740b44acb879558fef159f') in 0.003700 seconds 
  Import took 0.011916 seconds .

========================================================================
Received Import Request.
  Time since last request: 7.166917 seconds.
  path: Assets/Reused Code/Shoot/Sample/Weapon Data 1.asset
  artifactKey: Guid(71008e9d909e3f444ab58d22097d4b50) Importer(815301076,1909f56bfc062723c751e8b465ee728b)
Start importing Assets/Reused Code/Shoot/Sample/Weapon Data 1.asset using Guid(71008e9d909e3f444ab58d22097d4b50) Importer(815301076,1909f56bfc062723c751e8b465ee728b)  -> (artifact id: '77741ee7f52aa2cf5ad069ef5d16c93f') in 0.005020 seconds 
  Import took 0.011508 seconds .

========================================================================
Received Import Request.
  Time since last request: 0.009732 seconds.
  path: Assets/Reused Code/Shoot/Sample/Weapon Data 1.asset
  artifactKey: Guid(71008e9d909e3f444ab58d22097d4b50) Importer(815301076,1909f56bfc062723c751e8b465ee728b)
Start importing Assets/Reused Code/Shoot/Sample/Weapon Data 1.asset using Guid(71008e9d909e3f444ab58d22097d4b50) Importer(815301076,1909f56bfc062723c751e8b465ee728b)  -> (artifact id: '77741ee7f52aa2cf5ad069ef5d16c93f') in 0.004130 seconds 
  Import took 0.010214 seconds .

========================================================================
Received Import Request.
  Time since last request: 2.374187 seconds.
  path: Assets/Reused Code/Shoot/Sample/Weapon Data 1.asset
  artifactKey: Guid(71008e9d909e3f444ab58d22097d4b50) Importer(815301076,1909f56bfc062723c751e8b465ee728b)
Start importing Assets/Reused Code/Shoot/Sample/Weapon Data 1.asset using Guid(71008e9d909e3f444ab58d22097d4b50) Importer(815301076,1909f56bfc062723c751e8b465ee728b)  -> (artifact id: '20c39e04da7ee065ac6fd7a689986681') in 0.004105 seconds 
  Import took 0.012643 seconds .

========================================================================
Received Import Request.
  Time since last request: 0.008482 seconds.
  path: Assets/Reused Code/Shoot/Sample/Weapon Data 1.asset
  artifactKey: Guid(71008e9d909e3f444ab58d22097d4b50) Importer(815301076,1909f56bfc062723c751e8b465ee728b)
Start importing Assets/Reused Code/Shoot/Sample/Weapon Data 1.asset using Guid(71008e9d909e3f444ab58d22097d4b50) Importer(815301076,1909f56bfc062723c751e8b465ee728b)  -> (artifact id: '20c39e04da7ee065ac6fd7a689986681') in 0.003979 seconds 
  Import took 0.011418 seconds .

========================================================================
Received Prepare
Registering precompiled user dll's ...
Registered in 0.006108 seconds.
Begin MonoManager ReloadAssembly
Native extension for WindowsStandalone target not found
Refreshing native plugins compatible for Editor in 0.65 ms, found 2 plugins.
Preloading 0 native plugins for Editor in 0.00 ms.
Mono: successfully reloaded assembly
- Completed reload, in  1.853 seconds
Domain Reload Profiling:
	ReloadAssembly (1853ms)
		BeginReloadAssembly (163ms)
			ExecutionOrderSort (0ms)
			DisableScriptedObjects (6ms)
			BackupInstance (0ms)
			ReleaseScriptingObjects (0ms)
			CreateAndSetChildDomain (60ms)
		EndReloadAssembly (1631ms)
			LoadAssemblies (89ms)
			RebuildTransferFunctionScriptingTraits (0ms)
			SetupTypeCache (392ms)
			ReleaseScriptCaches (1ms)
			RebuildScriptCaches (54ms)
			SetupLoadedEditorAssemblies (934ms)
				LogAssemblyErrors (0ms)
				InitializePlatformSupportModulesInManaged (4ms)
				SetLoadedEditorAssemblies (0ms)
				RefreshPlugins (1ms)
				BeforeProcessingInitializeOnLoad (98ms)
				ProcessInitializeOnLoadAttributes (771ms)
				ProcessInitializeOnLoadMethodAttributes (57ms)
				AfterProcessingInitializeOnLoad (4ms)
				EditorAssembliesLoaded (0ms)
			ExecutionOrderSort2 (0ms)
			AwakeInstancesAfterBackupRestoration (18ms)
Platform modules already initialized, skipping
Refreshing native plugins compatible for Editor in 0.92 ms, found 2 plugins.
Preloading 0 native plugins for Editor in 0.00 ms.
Unloading 3431 Unused Serialized files (Serialized files now loaded: 0)
System memory in use before: 159.5 MB.
System memory in use after: 159.7 MB.

Unloading 23 unused Assets to reduce memory usage. Loaded Objects now: 4154.
Total: 26.002500 ms (FindLiveObjects: 0.354100 ms CreateObjectMapping: 0.253200 ms MarkObjects: 25.339700 ms  DeleteObjects: 0.054100 ms)

AssetImportParameters requested are different than current active one (requested -> active):
  custom:framework-win-MediaFoundation: 216162199b28c13a410421893ffa2e32 -> 
  custom:video-decoder-ogg-theora: a1e56fd34408186e4bbccfd4996cb3dc -> 
  custom:container-muxer-webm: aa71ff27fc2769a1b78a27578f13a17b -> 
  custom:container-demuxer-webm: 4f35f7cbe854078d1ac9338744f61a02 -> 
  custom:container-demuxer-ogg: 62fdf1f143b41e24485cea50d1cbac27 -> 
  custom:video-encoder-webm-vp8: eb34c28f22e8b96e1ab97ce403110664 -> 
  custom:video-decoder-webm-vp8: 9c59270c3fd7afecdb556c50c9e8de78 -> 
  custom:audio-decoder-ogg-vorbis: bf7c407c2cedff20999df2af8eb42d56 -> 
  custom:audio-encoder-webm-vorbis: bf7c407c2cedff20999df2af8eb42d56 -> 
========================================================================
Received Prepare
Registering precompiled user dll's ...
Registered in 0.005300 seconds.
Begin MonoManager ReloadAssembly
Native extension for WindowsStandalone target not found
Refreshing native plugins compatible for Editor in 0.76 ms, found 2 plugins.
Preloading 0 native plugins for Editor in 0.00 ms.
Mono: successfully reloaded assembly
- Completed reload, in  1.808 seconds
Domain Reload Profiling:
	ReloadAssembly (1809ms)
		BeginReloadAssembly (140ms)
			ExecutionOrderSort (0ms)
			DisableScriptedObjects (5ms)
			BackupInstance (0ms)
			ReleaseScriptingObjects (0ms)
			CreateAndSetChildDomain (51ms)
		EndReloadAssembly (1604ms)
			LoadAssemblies (96ms)
			RebuildTransferFunctionScriptingTraits (0ms)
			SetupTypeCache (392ms)
			ReleaseScriptCaches (1ms)
			RebuildScriptCaches (47ms)
			SetupLoadedEditorAssemblies (902ms)
				LogAssemblyErrors (0ms)
				InitializePlatformSupportModulesInManaged (4ms)
				SetLoadedEditorAssemblies (1ms)
				RefreshPlugins (1ms)
				BeforeProcessingInitializeOnLoad (98ms)
				ProcessInitializeOnLoadAttributes (737ms)
				ProcessInitializeOnLoadMethodAttributes (58ms)
				AfterProcessingInitializeOnLoad (3ms)
				EditorAssembliesLoaded (0ms)
			ExecutionOrderSort2 (0ms)
			AwakeInstancesAfterBackupRestoration (18ms)
Platform modules already initialized, skipping
Refreshing native plugins compatible for Editor in 0.80 ms, found 2 plugins.
Preloading 0 native plugins for Editor in 0.00 ms.
Unloading 3431 Unused Serialized files (Serialized files now loaded: 0)
System memory in use before: 159.5 MB.
System memory in use after: 159.8 MB.

Unloading 22 unused Assets to reduce memory usage. Loaded Objects now: 4156.
Total: 23.977400 ms (FindLiveObjects: 0.346900 ms CreateObjectMapping: 0.178900 ms MarkObjects: 23.413900 ms  DeleteObjects: 0.034700 ms)

AssetImportParameters requested are different than current active one (requested -> active):
  custom:framework-win-MediaFoundation: 216162199b28c13a410421893ffa2e32 -> 
  custom:video-decoder-ogg-theora: a1e56fd34408186e4bbccfd4996cb3dc -> 
  custom:container-muxer-webm: aa71ff27fc2769a1b78a27578f13a17b -> 
  custom:container-demuxer-webm: 4f35f7cbe854078d1ac9338744f61a02 -> 
  custom:container-demuxer-ogg: 62fdf1f143b41e24485cea50d1cbac27 -> 
  custom:video-encoder-webm-vp8: eb34c28f22e8b96e1ab97ce403110664 -> 
  custom:video-decoder-webm-vp8: 9c59270c3fd7afecdb556c50c9e8de78 -> 
  custom:audio-decoder-ogg-vorbis: bf7c407c2cedff20999df2af8eb42d56 -> 
  custom:audio-encoder-webm-vorbis: bf7c407c2cedff20999df2af8eb42d56 -> 
========================================================================
Received Prepare
Registering precompiled user dll's ...
Registered in 0.008287 seconds.
Begin MonoManager ReloadAssembly
Native extension for WindowsStandalone target not found
Refreshing native plugins compatible for Editor in 1.08 ms, found 2 plugins.
Preloading 0 native plugins for Editor in 0.00 ms.
Mono: successfully reloaded assembly
- Completed reload, in  1.994 seconds
Domain Reload Profiling:
	ReloadAssembly (1994ms)
		BeginReloadAssembly (158ms)
			ExecutionOrderSort (0ms)
			DisableScriptedObjects (6ms)
			BackupInstance (0ms)
			ReleaseScriptingObjects (0ms)
			CreateAndSetChildDomain (64ms)
		EndReloadAssembly (1770ms)
			LoadAssemblies (115ms)
			RebuildTransferFunctionScriptingTraits (0ms)
			SetupTypeCache (443ms)
			ReleaseScriptCaches (2ms)
			RebuildScriptCaches (52ms)
			SetupLoadedEditorAssemblies (959ms)
				LogAssemblyErrors (0ms)
				InitializePlatformSupportModulesInManaged (4ms)
				SetLoadedEditorAssemblies (1ms)
				RefreshPlugins (1ms)
				BeforeProcessingInitializeOnLoad (108ms)
				ProcessInitializeOnLoadAttributes (759ms)
				ProcessInitializeOnLoadMethodAttributes (80ms)
				AfterProcessingInitializeOnLoad (6ms)
				EditorAssembliesLoaded (0ms)
			ExecutionOrderSort2 (0ms)
			AwakeInstancesAfterBackupRestoration (17ms)
Platform modules already initialized, skipping
Refreshing native plugins compatible for Editor in 1.11 ms, found 2 plugins.
Preloading 0 native plugins for Editor in 0.00 ms.
Unloading 3431 Unused Serialized files (Serialized files now loaded: 0)
System memory in use before: 159.6 MB.
System memory in use after: 159.8 MB.

Unloading 22 unused Assets to reduce memory usage. Loaded Objects now: 4158.
Total: 28.956700 ms (FindLiveObjects: 0.619800 ms CreateObjectMapping: 0.257300 ms MarkObjects: 28.046900 ms  DeleteObjects: 0.031500 ms)

AssetImportParameters requested are different than current active one (requested -> active):
  custom:framework-win-MediaFoundation: 216162199b28c13a410421893ffa2e32 -> 
  custom:video-decoder-ogg-theora: a1e56fd34408186e4bbccfd4996cb3dc -> 
  custom:container-muxer-webm: aa71ff27fc2769a1b78a27578f13a17b -> 
  custom:container-demuxer-webm: 4f35f7cbe854078d1ac9338744f61a02 -> 
  custom:container-demuxer-ogg: 62fdf1f143b41e24485cea50d1cbac27 -> 
  custom:video-encoder-webm-vp8: eb34c28f22e8b96e1ab97ce403110664 -> 
  custom:video-decoder-webm-vp8: 9c59270c3fd7afecdb556c50c9e8de78 -> 
  custom:audio-decoder-ogg-vorbis: bf7c407c2cedff20999df2af8eb42d56 -> 
  custom:audio-encoder-webm-vorbis: bf7c407c2cedff20999df2af8eb42d56 -> 
========================================================================
Received Import Request.
  Time since last request: 421.729555 seconds.
  path: Assets/Reused Code/Shoot/Sample/Weapon Data 1.asset
  artifactKey: Guid(71008e9d909e3f444ab58d22097d4b50) Importer(815301076,1909f56bfc062723c751e8b465ee728b)
Start importing Assets/Reused Code/Shoot/Sample/Weapon Data 1.asset using Guid(71008e9d909e3f444ab58d22097d4b50) Importer(815301076,1909f56bfc062723c751e8b465ee728b)  -> (artifact id: '4dbc5d2d8241c641e58bcce70a90ebcf') in 0.088804 seconds 
  Import took 0.096637 seconds .

========================================================================
Received Prepare
Registering precompiled user dll's ...
Registered in 0.006080 seconds.
Begin MonoManager ReloadAssembly
Native extension for WindowsStandalone target not found
Refreshing native plugins compatible for Editor in 0.71 ms, found 2 plugins.
Preloading 0 native plugins for Editor in 0.00 ms.
Mono: successfully reloaded assembly
- Completed reload, in  1.854 seconds
Domain Reload Profiling:
	ReloadAssembly (1855ms)
		BeginReloadAssembly (170ms)
			ExecutionOrderSort (0ms)
			DisableScriptedObjects (8ms)
			BackupInstance (0ms)
			ReleaseScriptingObjects (0ms)
			CreateAndSetChildDomain (69ms)
		EndReloadAssembly (1615ms)
			LoadAssemblies (123ms)
			RebuildTransferFunctionScriptingTraits (0ms)
			SetupTypeCache (388ms)
			ReleaseScriptCaches (1ms)
			RebuildScriptCaches (51ms)
			SetupLoadedEditorAssemblies (891ms)
				LogAssemblyErrors (0ms)
				InitializePlatformSupportModulesInManaged (5ms)
				SetLoadedEditorAssemblies (0ms)
				RefreshPlugins (1ms)
				BeforeProcessingInitializeOnLoad (92ms)
				ProcessInitializeOnLoadAttributes (729ms)
				ProcessInitializeOnLoadMethodAttributes (61ms)
				AfterProcessingInitializeOnLoad (3ms)
				EditorAssembliesLoaded (0ms)
			ExecutionOrderSort2 (0ms)
			AwakeInstancesAfterBackupRestoration (15ms)
Platform modules already initialized, skipping
Refreshing native plugins compatible for Editor in 0.65 ms, found 2 plugins.
Preloading 0 native plugins for Editor in 0.00 ms.
Unloading 3431 Unused Serialized files (Serialized files now loaded: 0)
System memory in use before: 159.6 MB.
System memory in use after: 159.8 MB.

Unloading 22 unused Assets to reduce memory usage. Loaded Objects now: 4160.
Total: 28.095700 ms (FindLiveObjects: 0.332000 ms CreateObjectMapping: 0.239600 ms MarkObjects: 27.494900 ms  DeleteObjects: 0.028000 ms)

AssetImportParameters requested are different than current active one (requested -> active):
  custom:framework-win-MediaFoundation: 216162199b28c13a410421893ffa2e32 -> 
  custom:video-decoder-ogg-theora: a1e56fd34408186e4bbccfd4996cb3dc -> 
  custom:container-muxer-webm: aa71ff27fc2769a1b78a27578f13a17b -> 
  custom:container-demuxer-webm: 4f35f7cbe854078d1ac9338744f61a02 -> 
  custom:container-demuxer-ogg: 62fdf1f143b41e24485cea50d1cbac27 -> 
  custom:video-encoder-webm-vp8: eb34c28f22e8b96e1ab97ce403110664 -> 
  custom:video-decoder-webm-vp8: 9c59270c3fd7afecdb556c50c9e8de78 -> 
  custom:audio-decoder-ogg-vorbis: bf7c407c2cedff20999df2af8eb42d56 -> 
  custom:audio-encoder-webm-vorbis: bf7c407c2cedff20999df2af8eb42d56 -> 
========================================================================
Received Import Request.
  Time since last request: 493.102499 seconds.
  path: Assets/New Terrain 1.asset
  artifactKey: Guid(b7308586b81366c43949ba8efe87b652) Importer(815301076,1909f56bfc062723c751e8b465ee728b)
Start importing Assets/New Terrain 1.asset using Guid(b7308586b81366c43949ba8efe87b652) Importer(815301076,1909f56bfc062723c751e8b465ee728b)  -> (artifact id: '743a917f8c3ac03cff65e07908334c7f') in 0.041714 seconds 
  Import took 0.049560 seconds .

========================================================================
Received Import Request.
  Time since last request: 0.000296 seconds.
  path: Assets/New Terrain 2.asset
  artifactKey: Guid(cff34966cd53a69418a387dd4bee6ced) Importer(815301076,1909f56bfc062723c751e8b465ee728b)
Start importing Assets/New Terrain 2.asset using Guid(cff34966cd53a69418a387dd4bee6ced) Importer(815301076,1909f56bfc062723c751e8b465ee728b)  -> (artifact id: '2a75a77334a9ec83f0ab461c05a2204a') in 0.007670 seconds 
  Import took 0.013105 seconds .

========================================================================
Received Import Request.
  Time since last request: 0.000256 seconds.
  path: Assets/New Terrain.asset
  artifactKey: Guid(43966dd47e16529498acf0300aed4494) Importer(815301076,1909f56bfc062723c751e8b465ee728b)
Start importing Assets/New Terrain.asset using Guid(43966dd47e16529498acf0300aed4494) Importer(815301076,1909f56bfc062723c751e8b465ee728b)  -> (artifact id: 'e828ec4402998d76f39f666ccfb2dcf4') in 0.035167 seconds 
  Import took 0.042086 seconds .

========================================================================
Received Prepare
Registering precompiled user dll's ...
Registered in 0.006047 seconds.
Begin MonoManager ReloadAssembly
Native extension for WindowsStandalone target not found
Refreshing native plugins compatible for Editor in 0.64 ms, found 2 plugins.
Preloading 0 native plugins for Editor in 0.00 ms.
Mono: successfully reloaded assembly
- Completed reload, in  1.625 seconds
Domain Reload Profiling:
	ReloadAssembly (1625ms)
		BeginReloadAssembly (134ms)
			ExecutionOrderSort (0ms)
			DisableScriptedObjects (4ms)
			BackupInstance (0ms)
			ReleaseScriptingObjects (0ms)
			CreateAndSetChildDomain (53ms)
		EndReloadAssembly (1440ms)
			LoadAssemblies (90ms)
			RebuildTransferFunctionScriptingTraits (0ms)
			SetupTypeCache (327ms)
			ReleaseScriptCaches (2ms)
			RebuildScriptCaches (40ms)
			SetupLoadedEditorAssemblies (843ms)
				LogAssemblyErrors (0ms)
				InitializePlatformSupportModulesInManaged (4ms)
				SetLoadedEditorAssemblies (0ms)
				RefreshPlugins (1ms)
				BeforeProcessingInitializeOnLoad (94ms)
				ProcessInitializeOnLoadAttributes (689ms)
				ProcessInitializeOnLoadMethodAttributes (53ms)
				AfterProcessingInitializeOnLoad (2ms)
				EditorAssembliesLoaded (0ms)
			ExecutionOrderSort2 (0ms)
			AwakeInstancesAfterBackupRestoration (13ms)
Platform modules already initialized, skipping
Refreshing native plugins compatible for Editor in 0.67 ms, found 2 plugins.
Preloading 0 native plugins for Editor in 0.00 ms.
Unloading 3437 Unused Serialized files (Serialized files now loaded: 0)
System memory in use before: 161.5 MB.
System memory in use after: 161.8 MB.

Unloading 22 unused Assets to reduce memory usage. Loaded Objects now: 4171.
Total: 23.756100 ms (FindLiveObjects: 0.321200 ms CreateObjectMapping: 0.182400 ms MarkObjects: 23.226200 ms  DeleteObjects: 0.025000 ms)

AssetImportParameters requested are different than current active one (requested -> active):
  custom:framework-win-MediaFoundation: 216162199b28c13a410421893ffa2e32 -> 
  custom:video-decoder-ogg-theora: a1e56fd34408186e4bbccfd4996cb3dc -> 
  custom:container-muxer-webm: aa71ff27fc2769a1b78a27578f13a17b -> 
  custom:container-demuxer-webm: 4f35f7cbe854078d1ac9338744f61a02 -> 
  custom:container-demuxer-ogg: 62fdf1f143b41e24485cea50d1cbac27 -> 
  custom:video-encoder-webm-vp8: eb34c28f22e8b96e1ab97ce403110664 -> 
  custom:video-decoder-webm-vp8: 9c59270c3fd7afecdb556c50c9e8de78 -> 
  custom:audio-decoder-ogg-vorbis: bf7c407c2cedff20999df2af8eb42d56 -> 
  custom:audio-encoder-webm-vorbis: bf7c407c2cedff20999df2af8eb42d56 -> 
========================================================================
Received Import Request.
  Time since last request: 10.535188 seconds.
  path: Assets/Reused Code/Shoot/Sample/Weapon Data 3.asset
  artifactKey: Guid(dd2ce19af3241d14ab0b51c2a719c378) Importer(815301076,1909f56bfc062723c751e8b465ee728b)
Start importing Assets/Reused Code/Shoot/Sample/Weapon Data 3.asset using Guid(dd2ce19af3241d14ab0b51c2a719c378) Importer(815301076,1909f56bfc062723c751e8b465ee728b)  -> (artifact id: 'e2b9f72252eecdd0b6f7bffd8002d577') in 0.042096 seconds 
  Import took 0.048320 seconds .

========================================================================
Received Import Request.
  Time since last request: 0.005016 seconds.
  path: Assets/Reused Code/Shoot/Sample/Weapon Data 2.asset
  artifactKey: Guid(87d97697523677b4f8cd94db0b079203) Importer(815301076,1909f56bfc062723c751e8b465ee728b)
Start importing Assets/Reused Code/Shoot/Sample/Weapon Data 2.asset using Guid(87d97697523677b4f8cd94db0b079203) Importer(815301076,1909f56bfc062723c751e8b465ee728b)  -> (artifact id: '609b581ee6de82417f447c5a45d9fbf8') in 0.008387 seconds 
  Import took 0.015368 seconds .

========================================================================
Received Import Request.
  Time since last request: 4.493738 seconds.
  path: Assets/Reused Code/Shoot/Sample/Weapon Data 2.asset
  artifactKey: Guid(b9c8c762b9e17a448a27d04b48023339) Importer(815301076,1909f56bfc062723c751e8b465ee728b)
Start importing Assets/Reused Code/Shoot/Sample/Weapon Data 2.asset using Guid(b9c8c762b9e17a448a27d04b48023339) Importer(815301076,1909f56bfc062723c751e8b465ee728b)  -> (artifact id: '7b8f73c5d666ee00a96488a531cc1784') in 0.004035 seconds 
  Import took 0.010878 seconds .

========================================================================
Received Import Request.
  Time since last request: 0.015769 seconds.
  path: Assets/Reused Code/Shoot/Sample/Weapon Data 2.asset
  artifactKey: Guid(b9c8c762b9e17a448a27d04b48023339) Importer(815301076,1909f56bfc062723c751e8b465ee728b)
Start importing Assets/Reused Code/Shoot/Sample/Weapon Data 2.asset using Guid(b9c8c762b9e17a448a27d04b48023339) Importer(815301076,1909f56bfc062723c751e8b465ee728b)  -> (artifact id: '7b8f73c5d666ee00a96488a531cc1784') in 0.004094 seconds 
  Import took 0.010470 seconds .

========================================================================
Received Import Request.
  Time since last request: 3.091549 seconds.
  path: Assets/Reused Code/Shoot/Sample/Weapon Data 2.asset
  artifactKey: Guid(dfe9203e4ffd5f14e912c69355446b04) Importer(815301076,1909f56bfc062723c751e8b465ee728b)
Start importing Assets/Reused Code/Shoot/Sample/Weapon Data 2.asset using Guid(dfe9203e4ffd5f14e912c69355446b04) Importer(815301076,1909f56bfc062723c751e8b465ee728b)  -> (artifact id: '7bdf2c0dfbc0c3f1d9820632b6b500d9') in 0.004033 seconds 
  Import took 0.010578 seconds .

========================================================================
Received Import Request.
  Time since last request: 0.015491 seconds.
  path: Assets/Reused Code/Shoot/Sample/Weapon Data 2.asset
  artifactKey: Guid(dfe9203e4ffd5f14e912c69355446b04) Importer(815301076,1909f56bfc062723c751e8b465ee728b)
Start importing Assets/Reused Code/Shoot/Sample/Weapon Data 2.asset using Guid(dfe9203e4ffd5f14e912c69355446b04) Importer(815301076,1909f56bfc062723c751e8b465ee728b)  -> (artifact id: '7bdf2c0dfbc0c3f1d9820632b6b500d9') in 0.004327 seconds 
  Import took 0.011383 seconds .

========================================================================
Received Import Request.
  Time since last request: 23.956375 seconds.
  path: Assets/Reused Code/Shoot/Sample/Weapon Data 2.asset
  artifactKey: Guid(dfe9203e4ffd5f14e912c69355446b04) Importer(815301076,1909f56bfc062723c751e8b465ee728b)
Start importing Assets/Reused Code/Shoot/Sample/Weapon Data 2.asset using Guid(dfe9203e4ffd5f14e912c69355446b04) Importer(815301076,1909f56bfc062723c751e8b465ee728b)  -> (artifact id: '0d9a71009641286db5f1bf2cccefdb5d') in 0.004302 seconds 
  Import took 0.012309 seconds .

========================================================================
Received Import Request.
  Time since last request: 0.008830 seconds.
  path: Assets/Reused Code/Shoot/Sample/Weapon Data 2.asset
  artifactKey: Guid(dfe9203e4ffd5f14e912c69355446b04) Importer(815301076,1909f56bfc062723c751e8b465ee728b)
Start importing Assets/Reused Code/Shoot/Sample/Weapon Data 2.asset using Guid(dfe9203e4ffd5f14e912c69355446b04) Importer(815301076,1909f56bfc062723c751e8b465ee728b)  -> (artifact id: '0d9a71009641286db5f1bf2cccefdb5d') in 0.003877 seconds 
  Import took 0.011462 seconds .

========================================================================
Received Import Request.
  Time since last request: 3.701886 seconds.
  path: Assets/Reused Code/Shoot/Sample/Weapon Data 2.asset
  artifactKey: Guid(dfe9203e4ffd5f14e912c69355446b04) Importer(815301076,1909f56bfc062723c751e8b465ee728b)
Start importing Assets/Reused Code/Shoot/Sample/Weapon Data 2.asset using Guid(dfe9203e4ffd5f14e912c69355446b04) Importer(815301076,1909f56bfc062723c751e8b465ee728b)  -> (artifact id: 'f1df084bba37b386b8a8d11d9b1ab111') in 0.004994 seconds 
  Import took 0.010983 seconds .

========================================================================
Received Import Request.
  Time since last request: 0.008573 seconds.
  path: Assets/Reused Code/Shoot/Sample/Weapon Data 2.asset
  artifactKey: Guid(dfe9203e4ffd5f14e912c69355446b04) Importer(815301076,1909f56bfc062723c751e8b465ee728b)
Start importing Assets/Reused Code/Shoot/Sample/Weapon Data 2.asset using Guid(dfe9203e4ffd5f14e912c69355446b04) Importer(815301076,1909f56bfc062723c751e8b465ee728b)  -> (artifact id: 'f1df084bba37b386b8a8d11d9b1ab111') in 0.004157 seconds 
  Import took 0.010396 seconds .

========================================================================
Received Prepare
Registering precompiled user dll's ...
Registered in 0.005419 seconds.
Begin MonoManager ReloadAssembly
Native extension for WindowsStandalone target not found
Refreshing native plugins compatible for Editor in 0.86 ms, found 2 plugins.
Preloading 0 native plugins for Editor in 0.00 ms.
Mono: successfully reloaded assembly
- Completed reload, in  2.083 seconds
Domain Reload Profiling:
	ReloadAssembly (2084ms)
		BeginReloadAssembly (140ms)
			ExecutionOrderSort (0ms)
			DisableScriptedObjects (5ms)
			BackupInstance (0ms)
			ReleaseScriptingObjects (0ms)
			CreateAndSetChildDomain (55ms)
		EndReloadAssembly (1883ms)
			LoadAssemblies (96ms)
			RebuildTransferFunctionScriptingTraits (0ms)
			SetupTypeCache (384ms)
			ReleaseScriptCaches (1ms)
			RebuildScriptCaches (48ms)
			SetupLoadedEditorAssemblies (1194ms)
				LogAssemblyErrors (0ms)
				InitializePlatformSupportModulesInManaged (3ms)
				SetLoadedEditorAssemblies (0ms)
				RefreshPlugins (1ms)
				BeforeProcessingInitializeOnLoad (99ms)
				ProcessInitializeOnLoadAttributes (1023ms)
				ProcessInitializeOnLoadMethodAttributes (64ms)
				AfterProcessingInitializeOnLoad (3ms)
				EditorAssembliesLoaded (0ms)
			ExecutionOrderSort2 (0ms)
			AwakeInstancesAfterBackupRestoration (15ms)
Platform modules already initialized, skipping
Refreshing native plugins compatible for Editor in 0.64 ms, found 2 plugins.
Preloading 0 native plugins for Editor in 0.00 ms.
Unloading 3431 Unused Serialized files (Serialized files now loaded: 0)
System memory in use before: 161.0 MB.
System memory in use after: 161.2 MB.

Unloading 22 unused Assets to reduce memory usage. Loaded Objects now: 4173.
Total: 25.775400 ms (FindLiveObjects: 0.354300 ms CreateObjectMapping: 0.162000 ms MarkObjects: 25.232600 ms  DeleteObjects: 0.025200 ms)

AssetImportParameters requested are different than current active one (requested -> active):
  custom:framework-win-MediaFoundation: 216162199b28c13a410421893ffa2e32 -> 
  custom:video-decoder-ogg-theora: a1e56fd34408186e4bbccfd4996cb3dc -> 
  custom:container-muxer-webm: aa71ff27fc2769a1b78a27578f13a17b -> 
  custom:container-demuxer-webm: 4f35f7cbe854078d1ac9338744f61a02 -> 
  custom:container-demuxer-ogg: 62fdf1f143b41e24485cea50d1cbac27 -> 
  custom:video-encoder-webm-vp8: eb34c28f22e8b96e1ab97ce403110664 -> 
  custom:video-decoder-webm-vp8: 9c59270c3fd7afecdb556c50c9e8de78 -> 
  custom:audio-decoder-ogg-vorbis: bf7c407c2cedff20999df2af8eb42d56 -> 
  custom:audio-encoder-webm-vorbis: bf7c407c2cedff20999df2af8eb42d56 -> 
========================================================================
Received Prepare
Registering precompiled user dll's ...
Registered in 0.005644 seconds.
Begin MonoManager ReloadAssembly
Native extension for WindowsStandalone target not found
Refreshing native plugins compatible for Editor in 0.71 ms, found 2 plugins.
Preloading 0 native plugins for Editor in 0.00 ms.
Mono: successfully reloaded assembly
- Completed reload, in  1.981 seconds
Domain Reload Profiling:
	ReloadAssembly (1982ms)
		BeginReloadAssembly (161ms)
			ExecutionOrderSort (0ms)
			DisableScriptedObjects (6ms)
			BackupInstance (0ms)
			ReleaseScriptingObjects (0ms)
			CreateAndSetChildDomain (63ms)
		EndReloadAssembly (1752ms)
			LoadAssemblies (111ms)
			RebuildTransferFunctionScriptingTraits (0ms)
			SetupTypeCache (438ms)
			ReleaseScriptCaches (1ms)
			RebuildScriptCaches (43ms)
			SetupLoadedEditorAssemblies (1019ms)
				LogAssemblyErrors (0ms)
				InitializePlatformSupportModulesInManaged (4ms)
				SetLoadedEditorAssemblies (1ms)
				RefreshPlugins (1ms)
				BeforeProcessingInitializeOnLoad (95ms)
				ProcessInitializeOnLoadAttributes (834ms)
				ProcessInitializeOnLoadMethodAttributes (81ms)
				AfterProcessingInitializeOnLoad (3ms)
				EditorAssembliesLoaded (0ms)
			ExecutionOrderSort2 (0ms)
			AwakeInstancesAfterBackupRestoration (16ms)
Platform modules already initialized, skipping
Refreshing native plugins compatible for Editor in 0.78 ms, found 2 plugins.
Preloading 0 native plugins for Editor in 0.00 ms.
Unloading 3431 Unused Serialized files (Serialized files now loaded: 0)
System memory in use before: 161.0 MB.
System memory in use after: 161.3 MB.

Unloading 22 unused Assets to reduce memory usage. Loaded Objects now: 4175.
Total: 27.185500 ms (FindLiveObjects: 0.419100 ms CreateObjectMapping: 0.220200 ms MarkObjects: 26.522400 ms  DeleteObjects: 0.022600 ms)

AssetImportParameters requested are different than current active one (requested -> active):
  custom:framework-win-MediaFoundation: 216162199b28c13a410421893ffa2e32 -> 
  custom:video-decoder-ogg-theora: a1e56fd34408186e4bbccfd4996cb3dc -> 
  custom:container-muxer-webm: aa71ff27fc2769a1b78a27578f13a17b -> 
  custom:container-demuxer-webm: 4f35f7cbe854078d1ac9338744f61a02 -> 
  custom:container-demuxer-ogg: 62fdf1f143b41e24485cea50d1cbac27 -> 
  custom:video-encoder-webm-vp8: eb34c28f22e8b96e1ab97ce403110664 -> 
  custom:video-decoder-webm-vp8: 9c59270c3fd7afecdb556c50c9e8de78 -> 
  custom:audio-decoder-ogg-vorbis: bf7c407c2cedff20999df2af8eb42d56 -> 
  custom:audio-encoder-webm-vorbis: bf7c407c2cedff20999df2af8eb42d56 -> 
========================================================================
Received Import Request.
  Time since last request: 50.440053 seconds.
  path: Assets/Reused Code/Shoot/Sample/Weapon Data 2.asset
  artifactKey: Guid(dfe9203e4ffd5f14e912c69355446b04) Importer(815301076,1909f56bfc062723c751e8b465ee728b)
Start importing Assets/Reused Code/Shoot/Sample/Weapon Data 2.asset using Guid(dfe9203e4ffd5f14e912c69355446b04) Importer(815301076,1909f56bfc062723c751e8b465ee728b)  -> (artifact id: 'fbebe8443af43179c93c335c361d907a') in 0.043071 seconds 
  Import took 0.048657 seconds .

========================================================================
Received Prepare
Registering precompiled user dll's ...
Registered in 0.005247 seconds.
Begin MonoManager ReloadAssembly
Native extension for WindowsStandalone target not found
Refreshing native plugins compatible for Editor in 0.65 ms, found 2 plugins.
Preloading 0 native plugins for Editor in 0.00 ms.
Mono: successfully reloaded assembly
- Completed reload, in  1.746 seconds
Domain Reload Profiling:
	ReloadAssembly (1746ms)
		BeginReloadAssembly (129ms)
			ExecutionOrderSort (0ms)
			DisableScriptedObjects (5ms)
			BackupInstance (0ms)
			ReleaseScriptingObjects (0ms)
			CreateAndSetChildDomain (52ms)
		EndReloadAssembly (1564ms)
			LoadAssemblies (88ms)
			RebuildTransferFunctionScriptingTraits (0ms)
			SetupTypeCache (359ms)
			ReleaseScriptCaches (1ms)
			RebuildScriptCaches (45ms)
			SetupLoadedEditorAssemblies (925ms)
				LogAssemblyErrors (0ms)
				InitializePlatformSupportModulesInManaged (4ms)
				SetLoadedEditorAssemblies (0ms)
				RefreshPlugins (1ms)
				BeforeProcessingInitializeOnLoad (92ms)
				ProcessInitializeOnLoadAttributes (773ms)
				ProcessInitializeOnLoadMethodAttributes (51ms)
				AfterProcessingInitializeOnLoad (3ms)
				EditorAssembliesLoaded (0ms)
			ExecutionOrderSort2 (0ms)
			AwakeInstancesAfterBackupRestoration (15ms)
Platform modules already initialized, skipping
Refreshing native plugins compatible for Editor in 0.64 ms, found 2 plugins.
Preloading 0 native plugins for Editor in 0.00 ms.
Unloading 3431 Unused Serialized files (Serialized files now loaded: 0)
System memory in use before: 161.0 MB.
System memory in use after: 161.3 MB.

Unloading 22 unused Assets to reduce memory usage. Loaded Objects now: 4177.
Total: 26.941800 ms (FindLiveObjects: 0.343300 ms CreateObjectMapping: 0.243100 ms MarkObjects: 26.325300 ms  DeleteObjects: 0.028600 ms)

AssetImportParameters requested are different than current active one (requested -> active):
  custom:framework-win-MediaFoundation: 216162199b28c13a410421893ffa2e32 -> 
  custom:video-decoder-ogg-theora: a1e56fd34408186e4bbccfd4996cb3dc -> 
  custom:container-muxer-webm: aa71ff27fc2769a1b78a27578f13a17b -> 
  custom:container-demuxer-webm: 4f35f7cbe854078d1ac9338744f61a02 -> 
  custom:container-demuxer-ogg: 62fdf1f143b41e24485cea50d1cbac27 -> 
  custom:video-encoder-webm-vp8: eb34c28f22e8b96e1ab97ce403110664 -> 
  custom:video-decoder-webm-vp8: 9c59270c3fd7afecdb556c50c9e8de78 -> 
  custom:audio-decoder-ogg-vorbis: bf7c407c2cedff20999df2af8eb42d56 -> 
  custom:audio-encoder-webm-vorbis: bf7c407c2cedff20999df2af8eb42d56 -> 
========================================================================
Received Import Request.
  Time since last request: 93.771741 seconds.
  path: Assets/Reused Code/Shoot/Sample/Weapon Data 3.asset
  artifactKey: Guid(c4def833401225f418b3c9542d10da4f) Importer(815301076,1909f56bfc062723c751e8b465ee728b)
Start importing Assets/Reused Code/Shoot/Sample/Weapon Data 3.asset using Guid(c4def833401225f418b3c9542d10da4f) Importer(815301076,1909f56bfc062723c751e8b465ee728b)  -> (artifact id: 'ddfe23aa2e529b51c4ff25a37ce57d5e') in 0.027974 seconds 
  Import took 0.034802 seconds .

========================================================================
Received Import Request.
  Time since last request: 52.213942 seconds.
  path: Assets/Reused Code/Shoot/Sample/Weapon Data 3.asset
  artifactKey: Guid(c4def833401225f418b3c9542d10da4f) Importer(815301076,1909f56bfc062723c751e8b465ee728b)
Start importing Assets/Reused Code/Shoot/Sample/Weapon Data 3.asset using Guid(c4def833401225f418b3c9542d10da4f) Importer(815301076,1909f56bfc062723c751e8b465ee728b)  -> (artifact id: '2c44b0a552dfe906bfadb0d5f382b495') in 0.004624 seconds 
  Import took 0.012134 seconds .

========================================================================
Received Import Request.
  Time since last request: 0.009140 seconds.
  path: Assets/Reused Code/Shoot/Sample/Weapon Data 2.asset
  artifactKey: Guid(dfe9203e4ffd5f14e912c69355446b04) Importer(815301076,1909f56bfc062723c751e8b465ee728b)
Start importing Assets/Reused Code/Shoot/Sample/Weapon Data 2.asset using Guid(dfe9203e4ffd5f14e912c69355446b04) Importer(815301076,1909f56bfc062723c751e8b465ee728b)  -> (artifact id: 'a30a75de25a7c793979c9306c82c20e4') in 0.003744 seconds 
  Import took 0.010453 seconds .

========================================================================
Received Import Request.
  Time since last request: 0.000309 seconds.
  path: Assets/Reused Code/Shoot/Sample/Weapon Data.asset
  artifactKey: Guid(2c1fc01046dadaf48a971378550671bb) Importer(815301076,1909f56bfc062723c751e8b465ee728b)
Start importing Assets/Reused Code/Shoot/Sample/Weapon Data.asset using Guid(2c1fc01046dadaf48a971378550671bb) Importer(815301076,1909f56bfc062723c751e8b465ee728b)  -> (artifact id: '68b8caec45932bb69385fdf37cc14790') in 0.012375 seconds 
  Import took 0.019022 seconds .

========================================================================
Received Import Request.
  Time since last request: 2.723795 seconds.
  path: Assets/Reused Code/Shoot/Sample/Weapon Data 3.asset
  artifactKey: Guid(c4def833401225f418b3c9542d10da4f) Importer(815301076,1909f56bfc062723c751e8b465ee728b)
Start importing Assets/Reused Code/Shoot/Sample/Weapon Data 3.asset using Guid(c4def833401225f418b3c9542d10da4f) Importer(815301076,1909f56bfc062723c751e8b465ee728b)  -> (artifact id: 'a4f52f9313d8ec2ceb010497c9ed10ed') in 0.005180 seconds 
  Import took 0.011366 seconds .

========================================================================
Received Import Request.
  Time since last request: 0.008609 seconds.
  path: Assets/Reused Code/Shoot/Sample/Weapon Data 3.asset
  artifactKey: Guid(c4def833401225f418b3c9542d10da4f) Importer(815301076,1909f56bfc062723c751e8b465ee728b)
Start importing Assets/Reused Code/Shoot/Sample/Weapon Data 3.asset using Guid(c4def833401225f418b3c9542d10da4f) Importer(815301076,1909f56bfc062723c751e8b465ee728b)  -> (artifact id: 'a4f52f9313d8ec2ceb010497c9ed10ed') in 0.003710 seconds 
  Import took 0.010543 seconds .

========================================================================
Received Import Request.
  Time since last request: 8.229462 seconds.
  path: Assets/Reused Code/Shoot/Sample/Weapon Data 3.asset
  artifactKey: Guid(c4def833401225f418b3c9542d10da4f) Importer(815301076,1909f56bfc062723c751e8b465ee728b)
Start importing Assets/Reused Code/Shoot/Sample/Weapon Data 3.asset using Guid(c4def833401225f418b3c9542d10da4f) Importer(815301076,1909f56bfc062723c751e8b465ee728b)  -> (artifact id: 'a497b3c565f64c9abbecbe10d8bca225') in 0.004874 seconds 
  Import took 0.011629 seconds .

========================================================================
Received Import Request.
  Time since last request: 0.008212 seconds.
  path: Assets/Reused Code/Shoot/Sample/Weapon Data 3.asset
  artifactKey: Guid(c4def833401225f418b3c9542d10da4f) Importer(815301076,1909f56bfc062723c751e8b465ee728b)
Start importing Assets/Reused Code/Shoot/Sample/Weapon Data 3.asset using Guid(c4def833401225f418b3c9542d10da4f) Importer(815301076,1909f56bfc062723c751e8b465ee728b)  -> (artifact id: 'a497b3c565f64c9abbecbe10d8bca225') in 0.003640 seconds 
  Import took 0.010991 seconds .

========================================================================
Received Import Request.
  Time since last request: 32.033732 seconds.
  path: Assets/Reused Code/Shoot/Sample/Weapon Data.asset
  artifactKey: Guid(2c1fc01046dadaf48a971378550671bb) Importer(815301076,1909f56bfc062723c751e8b465ee728b)
Start importing Assets/Reused Code/Shoot/Sample/Weapon Data.asset using Guid(2c1fc01046dadaf48a971378550671bb) Importer(815301076,1909f56bfc062723c751e8b465ee728b)  -> (artifact id: '640679a9359e97f07792e44110e29866') in 0.004454 seconds 
  Import took 0.011160 seconds .

========================================================================
Received Import Request.
  Time since last request: 0.020682 seconds.
  path: Assets/Reused Code/Shoot/Sample/Weapon Data 1.asset
  artifactKey: Guid(71008e9d909e3f444ab58d22097d4b50) Importer(815301076,1909f56bfc062723c751e8b465ee728b)
Start importing Assets/Reused Code/Shoot/Sample/Weapon Data 1.asset using Guid(71008e9d909e3f444ab58d22097d4b50) Importer(815301076,1909f56bfc062723c751e8b465ee728b)  -> (artifact id: 'ddb4485da35c167ce3879bb47805160a') in 0.004137 seconds 
  Import took 0.013161 seconds .

========================================================================
Received Import Request.
  Time since last request: 0.000296 seconds.
  path: Assets/Reused Code/Shoot/Sample/Weapon Data 2.asset
  artifactKey: Guid(dfe9203e4ffd5f14e912c69355446b04) Importer(815301076,1909f56bfc062723c751e8b465ee728b)
Start importing Assets/Reused Code/Shoot/Sample/Weapon Data 2.asset using Guid(dfe9203e4ffd5f14e912c69355446b04) Importer(815301076,1909f56bfc062723c751e8b465ee728b)  -> (artifact id: 'a366512c6bf750b175e0bd20e60cb06c') in 0.004677 seconds 
  Import took 0.011602 seconds .

========================================================================
Received Import Request.
  Time since last request: 0.000269 seconds.
  path: Assets/Reused Code/Shoot/Sample/Weapon Data 3.asset
  artifactKey: Guid(c4def833401225f418b3c9542d10da4f) Importer(815301076,1909f56bfc062723c751e8b465ee728b)
Start importing Assets/Reused Code/Shoot/Sample/Weapon Data 3.asset using Guid(c4def833401225f418b3c9542d10da4f) Importer(815301076,1909f56bfc062723c751e8b465ee728b)  -> (artifact id: '55834147c5db2f339508d1a730d7fa0e') in 0.004606 seconds 
  Import took 0.010302 seconds .

========================================================================
Received Import Request.
  Time since last request: 0.000280 seconds.
  path: Assets/Reused Code/Shoot/Sample/Weapon Data 2.asset
  artifactKey: Guid(dfe9203e4ffd5f14e912c69355446b04) Importer(815301076,1909f56bfc062723c751e8b465ee728b)
Start importing Assets/Reused Code/Shoot/Sample/Weapon Data 2.asset using Guid(dfe9203e4ffd5f14e912c69355446b04) Importer(815301076,1909f56bfc062723c751e8b465ee728b)  -> (artifact id: 'a366512c6bf750b175e0bd20e60cb06c') in 0.004068 seconds 
  Import took 0.010415 seconds .

========================================================================
Received Import Request.
  Time since last request: 0.005759 seconds.
  path: Assets/Reused Code/Shoot/Sample/Weapon Data 3.asset
  artifactKey: Guid(c4def833401225f418b3c9542d10da4f) Importer(815301076,1909f56bfc062723c751e8b465ee728b)
Start importing Assets/Reused Code/Shoot/Sample/Weapon Data 3.asset using Guid(c4def833401225f418b3c9542d10da4f) Importer(815301076,1909f56bfc062723c751e8b465ee728b)  -> (artifact id: '55834147c5db2f339508d1a730d7fa0e') in 0.004518 seconds 
  Import took 0.011318 seconds .

